<?xml version="1.0" encoding="UTF-8"?>
<testng-results ignored="0" total="1" passed="1" failed="0" skipped="0">
  <reporter-output>
    <line>
      <![CDATA[Quote bill is created]]>
    </line>
  </reporter-output>
  <suite started-at="2025-10-25T10:33:34 IST" name="Default suite" finished-at="2025-10-25T10:34:29 IST" duration-ms="55356">
    <groups>
      <group name="system">
        <method signature="QuotesTest.CheckQuoteTest()[pri:0, instance:io.nocrm.crm.quote.QuotesTest@2cd76f31]" name="CheckQuoteTest" class="io.nocrm.crm.quote.QuotesTest"/>
      </group> <!-- system -->
    </groups>
    <test started-at="2025-10-25T10:33:34 IST" name="Default test" finished-at="2025-10-25T10:34:29 IST" duration-ms="55356">
      <class name="io.nocrm.crm.quote.QuotesTest">
        <test-method is-config="true" signature="configBS()[pri:0, instance:io.nocrm.crm.quote.QuotesTest@2cd76f31]" started-at="2025-10-25T10:33:34 IST" name="configBS" finished-at="2025-10-25T10:33:34 IST" duration-ms="61" status="PASS">
          <reporter-output>
          </reporter-output>
        </test-method> <!-- configBS -->
        <test-method is-config="true" signature="configBC()[pri:0, instance:io.nocrm.crm.quote.QuotesTest@2cd76f31]" started-at="2025-10-25T10:33:34 IST" name="configBC" finished-at="2025-10-25T10:33:36 IST" duration-ms="2301" status="PASS">
          <reporter-output>
          </reporter-output>
        </test-method> <!-- configBC -->
        <test-method is-config="true" signature="configBM()[pri:0, instance:io.nocrm.crm.quote.QuotesTest@2cd76f31]" started-at="2025-10-25T10:33:36 IST" name="configBM" finished-at="2025-10-25T10:34:09 IST" duration-ms="33177" status="PASS">
          <reporter-output>
          </reporter-output>
        </test-method> <!-- configBM -->
        <test-method signature="CheckQuoteTest()[pri:0, instance:io.nocrm.crm.quote.QuotesTest@2cd76f31]" started-at="2025-10-25T10:34:09 IST" name="CheckQuoteTest" finished-at="2025-10-25T10:34:25 IST" duration-ms="15492" status="PASS">
          <reporter-output>
            <line>
              <![CDATA[Quote bill is created]]>
            </line>
          </reporter-output>
        </test-method> <!-- CheckQuoteTest -->
        <test-method is-config="true" signature="configAM()[pri:0, instance:io.nocrm.crm.quote.QuotesTest@2cd76f31]" started-at="2025-10-25T10:34:25 IST" name="configAM" finished-at="2025-10-25T10:34:28 IST" duration-ms="3748" status="PASS">
          <reporter-output>
          </reporter-output>
        </test-method> <!-- configAM -->
        <test-method is-config="true" signature="configAC()[pri:0, instance:io.nocrm.crm.quote.QuotesTest@2cd76f31]" started-at="2025-10-25T10:34:28 IST" name="configAC" finished-at="2025-10-25T10:34:29 IST" duration-ms="552" status="PASS">
          <reporter-output>
          </reporter-output>
        </test-method> <!-- configAC -->
        <test-method is-config="true" signature="configAS()[pri:0, instance:io.nocrm.crm.quote.QuotesTest@2cd76f31]" started-at="2025-10-25T10:34:29 IST" name="configAS" finished-at="2025-10-25T10:34:29 IST" duration-ms="1" status="PASS">
          <reporter-output>
          </reporter-output>
        </test-method> <!-- configAS -->
      </class> <!-- io.nocrm.crm.quote.QuotesTest -->
    </test> <!-- Default test -->
  </suite> <!-- Default suite -->
</testng-results>
